<html>
<body>
<pre>
<h1>µVision Build Log</h1>
<h2>Tool Versions:</h2>
IDE-Version: µVision V5.42.0.0
Copyright (C) 2025 ARM Ltd and ARM Germany GmbH. All rights reserved.
License Information: Kirill Grichanichenko, University of Washington, LIC=----
 
Tool Versions:
Toolchain:       MDK-Lite  Version: 5.42.0.0
Toolchain Path:  C:\Users\Kirill\AppData\Local\Keil_v5\ARM\ARMCLANG\Bin
C Compiler:      ArmClang.exe V6.23
Assembler:       Armasm.exe V6.23
Linker/Locator:  ArmLink.exe V6.23
Library Manager: ArmAr.exe V6.23
Hex Converter:   FromElf.exe V6.23
CPU DLL:         SARMCM3.DLL V5.42.0.0
Dialog DLL:      DCM.DLL V1.17.5.0
Target DLL:      UL2CM3.DLL V1.164.14.0
Dialog DLL:      TCM.DLL V1.56.6.0
 
<h2>Project:</h2>
C:\Users\Kirill\Assembly_Projects\Keil_uVersion\CSS422\Final_Project_Assemblers\Final Project_Files\ARM_Final\ARM_Final.uvprojx
Project File Date:  05/08/2025

<h2>Output:</h2>
*** Using Compiler 'V6.23', folder: 'C:\Users\Kirill\AppData\Local\Keil_v5\ARM\ARMCLANG\Bin'
Build target 'Target_1'
Note: source file '.\heap_template.c' - object file renamed from '.\Objects\heap_template.o' to '.\Objects\heap_template_1.o'.
driver.c(9): error: 'unistd.h' file not found
    9 | #include <unistd.h>  // alarm
      |          ^~~~~~~~~~
1 error generated.
compiling driver.c...
driver_cpg.c(15): error: 'unistd.h' file not found
   15 | #include <unistd.h>  // alarm
      |          ^~~~~~~~~~
1 error generated.
compiling driver_cpg.c...
assembling startup_TM4C129.s...
".\Objects\ARM_Final.axf" - 2 Error(s), 0 Warning(s).

<h2>Software Packages used:</h2>

Package Vendor: ARM
                https://www.keil.com/pack/ARM.CMSIS.6.1.0.pack
                ARM::CMSIS@6.1.0
                CMSIS (Common Microcontroller Software Interface Standard)
   * Component: CORE Version: 6.1.0

Package Vendor: Keil
                http://www.keil.com/pack/Keil.TM4C_DFP.1.1.0.pack
                Keil::TM4C_DFP@1.1.0
                Texas Instruments Tiva C Series Device Support and Examples
   * Component: Startup Version: 1.0.0

<h2>Collection of Component include folders:</h2>
  ./RTE/_Target_1
  C:/Users/Kirill/AppData/Local/Arm/Packs/ARM/CMSIS/6.1.0/CMSIS/Core/Include
  C:/Users/Kirill/AppData/Local/Arm/Packs/Keil/TM4C_DFP/1.1.0/Device/Include/TM4C129

<h2>Collection of Component Files used:</h2>

   * Component: ARM::CMSIS:CORE@6.1.0

   * Component: Keil::Device:Startup@1.0.0
      Source file:   Device/Source/ARM/startup_TM4C129.s
      Source file:   Device/Source/system_TM4C129.c
      Include file:  Device/Include/TM4C129/TM4C129.h
Target not created.
Build Time Elapsed:  00:00:00
</pre>
</body>
</html>
